This is pdfTeX, Version 3.141592653-2.6-1.40.26 (TeX Live 2024) (preloaded format=pdflatex 2024.6.19)  19 JUN 2024 17:35
entering extended mode
 restricted \write18 enabled.
 %&-line parsing enabled.
**README.tex
(./README.tex
LaTeX2e <2024-06-01> patch level 1
L3 programming layer <2024-05-27>
(c:/ProgramData/TinyTeX/texmf-dist/tex/latex/elsarticle/elsarticle.cls
Document Class: elsarticle 2024/04/04, 3.4: Elsevier Ltd
(c:/ProgramData/TinyTeX/texmf-dist/tex/latex/base/fontenc.sty
Package: fontenc 2021/04/29 v2.0v Standard LaTeX package
) (c:/ProgramData/TinyTeX/texmf-dist/tex/latex/l3kernel/expl3.sty
Package: expl3 2024-05-27 L3 programming layer (loader) 
(c:/ProgramData/TinyTeX/texmf-dist/tex/latex/l3backend/l3backend-pdftex.def
File: l3backend-pdftex.def 2024-05-08 L3 backend support: PDF output (pdfTeX)
\l__color_backend_stack_int=\count194
\l__pdf_internal_box=\box52
)) (c:/ProgramData/TinyTeX/texmf-dist/tex/latex/l3packages/xparse/xparse.sty
Package: xparse 2024-05-08 L3 Experimental document command parser
) (c:/ProgramData/TinyTeX/texmf-dist/tex/latex/etoolbox/etoolbox.sty
Package: etoolbox 2020/10/05 v2.5k e-TeX tools for LaTeX (JAW)
\etb@tempcnta=\count195
)
\@bls=\dimen141
(c:/ProgramData/TinyTeX/texmf-dist/tex/latex/base/article.cls
Document Class: article 2024/02/08 v1.4n Standard LaTeX document class
(c:/ProgramData/TinyTeX/texmf-dist/tex/latex/base/size12.clo
File: size12.clo 2024/02/08 v1.4n Standard LaTeX file (size option)
)
\c@part=\count196
\c@section=\count197
\c@subsection=\count198
\c@subsubsection=\count199
\c@paragraph=\count266
\c@subparagraph=\count267
\c@figure=\count268
\c@table=\count269
\abovecaptionskip=\skip49
\belowcaptionskip=\skip50
\bibindent=\dimen142
) (c:/ProgramData/TinyTeX/texmf-dist/tex/latex/graphics/graphicx.sty
Package: graphicx 2021/09/16 v1.2d Enhanced LaTeX Graphics (DPC,SPQR)
(c:/ProgramData/TinyTeX/texmf-dist/tex/latex/graphics/keyval.sty
Package: keyval 2022/05/29 v1.15 key=value parser (DPC)
\KV@toks@=\toks17
) (c:/ProgramData/TinyTeX/texmf-dist/tex/latex/graphics/graphics.sty
Package: graphics 2024/05/23 v1.4g Standard LaTeX Graphics (DPC,SPQR)
(c:/ProgramData/TinyTeX/texmf-dist/tex/latex/graphics/trig.sty
Package: trig 2023/12/02 v1.11 sin cos tan (DPC)
) (c:/ProgramData/TinyTeX/texmf-dist/tex/latex/graphics-cfg/graphics.cfg
File: graphics.cfg 2016/06/04 v1.11 sample graphics configuration
)
Package graphics Info: Driver file: pdftex.def on input line 106.
(c:/ProgramData/TinyTeX/texmf-dist/tex/latex/graphics-def/pdftex.def
File: pdftex.def 2024/04/13 v1.2c Graphics/color driver for pdftex
))
\Gin@req@height=\dimen143
\Gin@req@width=\dimen144
)
\c@tnote=\count270
\c@fnote=\count271
\c@cnote=\count272
\c@ead=\count273
\c@author=\count274
\@eadauthor=\toks18
\c@affn=\count275
\absbox=\box53
\elsarticlehighlightsbox=\box54
\elsarticlegrabsbox=\box55
\keybox=\box56
\Columnwidth=\dimen145
\space@left=\dimen146
\els@boxa=\box57
\els@boxb=\box58
\leftMargin=\dimen147
\@enLab=\toks19
\@sep=\skip51
\@@sep=\skip52
(./README.spl) (c:/ProgramData/TinyTeX/texmf-dist/tex/latex/natbib/natbib.sty
Package: natbib 2010/09/13 8.31b (PWD, AO)
\bibhang=\skip53
\bibsep=\skip54
LaTeX Info: Redefining \cite on input line 694.
\c@NAT@ctr=\count276
)
\splwrite=\write3
\openout3 = `README.spl'.

\appnamewidth=\dimen148
) (c:/ProgramData/TinyTeX/texmf-dist/tex/latex/amsmath/amsmath.sty
Package: amsmath 2024/05/23 v2.17q AMS math features
\@mathmargin=\skip55
For additional information on amsmath, use the `?' option.
(c:/ProgramData/TinyTeX/texmf-dist/tex/latex/amsmath/amstext.sty
Package: amstext 2021/08/26 v2.01 AMS text
(c:/ProgramData/TinyTeX/texmf-dist/tex/latex/amsmath/amsgen.sty
File: amsgen.sty 1999/11/30 v2.0 generic functions
\@emptytoks=\toks20
\ex@=\dimen149
)) (c:/ProgramData/TinyTeX/texmf-dist/tex/latex/amsmath/amsbsy.sty
Package: amsbsy 1999/11/29 v1.2d Bold Symbols
\pmbraise@=\dimen150
) (c:/ProgramData/TinyTeX/texmf-dist/tex/latex/amsmath/amsopn.sty
Package: amsopn 2022/04/08 v2.04 operator names
)
\inf@bad=\count277
LaTeX Info: Redefining \frac on input line 233.
\uproot@=\count278
\leftroot@=\count279
LaTeX Info: Redefining \overline on input line 398.
LaTeX Info: Redefining \colon on input line 409.
\classnum@=\count280
\DOTSCASE@=\count281
LaTeX Info: Redefining \ldots on input line 495.
LaTeX Info: Redefining \dots on input line 498.
LaTeX Info: Redefining \cdots on input line 619.
\Mathstrutbox@=\box59
\strutbox@=\box60
LaTeX Info: Redefining \big on input line 721.
LaTeX Info: Redefining \Big on input line 722.
LaTeX Info: Redefining \bigg on input line 723.
LaTeX Info: Redefining \Bigg on input line 724.
\big@size=\dimen151
LaTeX Font Info:    Redeclaring font encoding OML on input line 742.
LaTeX Font Info:    Redeclaring font encoding OMS on input line 743.
\macc@depth=\count282
LaTeX Info: Redefining \bmod on input line 904.
LaTeX Info: Redefining \pmod on input line 909.
LaTeX Info: Redefining \smash on input line 939.
LaTeX Info: Redefining \relbar on input line 969.
LaTeX Info: Redefining \Relbar on input line 970.
\c@MaxMatrixCols=\count283
\dotsspace@=\muskip17
\c@parentequation=\count284
\dspbrk@lvl=\count285
\tag@help=\toks21
\row@=\count286
\column@=\count287
\maxfields@=\count288
\andhelp@=\toks22
\eqnshift@=\dimen152
\alignsep@=\dimen153
\tagshift@=\dimen154
\tagwidth@=\dimen155
\totwidth@=\dimen156
\lineht@=\dimen157
\@envbody=\toks23
\multlinegap=\skip56
\multlinetaggap=\skip57
\mathdisplay@stack=\toks24
LaTeX Info: Redefining \[ on input line 2953.
LaTeX Info: Redefining \] on input line 2954.
) (c:/ProgramData/TinyTeX/texmf-dist/tex/latex/amsfonts/amssymb.sty
Package: amssymb 2013/01/14 v3.01 AMS font symbols
(c:/ProgramData/TinyTeX/texmf-dist/tex/latex/amsfonts/amsfonts.sty
Package: amsfonts 2013/01/14 v3.01 Basic AMSFonts support
\symAMSa=\mathgroup4
\symAMSb=\mathgroup5
LaTeX Font Info:    Redeclaring math symbol \hbar on input line 98.
LaTeX Font Info:    Overwriting math alphabet `\mathfrak' in version `bold'
(Font)                  U/euf/m/n --> U/euf/b/n on input line 106.
)) (c:/ProgramData/TinyTeX/texmf-dist/tex/latex/setspace/setspace.sty
Package: setspace 2022/12/04 v6.7b set line spacing
) (c:/ProgramData/TinyTeX/texmf-dist/tex/generic/iftex/iftex.sty
Package: iftex 2022/02/03 v1.0f TeX engine tests
) (c:/ProgramData/TinyTeX/texmf-dist/tex/latex/base/fontenc.sty
Package: fontenc 2021/04/29 v2.0v Standard LaTeX package
) (c:/ProgramData/TinyTeX/texmf-dist/tex/latex/base/inputenc.sty
Package: inputenc 2024/02/08 v1.3d Input encoding file
\inpenc@prehook=\toks25
\inpenc@posthook=\toks26
) (c:/ProgramData/TinyTeX/texmf-dist/tex/latex/base/textcomp.sty
Package: textcomp 2024/04/24 v2.1b Standard LaTeX package
) (c:/ProgramData/TinyTeX/texmf-dist/tex/latex/lm/lmodern.sty
Package: lmodern 2015/05/01 v1.6.1 Latin Modern Fonts
LaTeX Font Info:    Overwriting symbol font `operators' in version `normal'
(Font)                  OT1/cmr/m/n --> OT1/lmr/m/n on input line 22.
LaTeX Font Info:    Overwriting symbol font `letters' in version `normal'
(Font)                  OML/cmm/m/it --> OML/lmm/m/it on input line 23.
LaTeX Font Info:    Overwriting symbol font `symbols' in version `normal'
(Font)                  OMS/cmsy/m/n --> OMS/lmsy/m/n on input line 24.
LaTeX Font Info:    Overwriting symbol font `largesymbols' in version `normal'
(Font)                  OMX/cmex/m/n --> OMX/lmex/m/n on input line 25.
LaTeX Font Info:    Overwriting symbol font `operators' in version `bold'
(Font)                  OT1/cmr/bx/n --> OT1/lmr/bx/n on input line 26.
LaTeX Font Info:    Overwriting symbol font `letters' in version `bold'
(Font)                  OML/cmm/b/it --> OML/lmm/b/it on input line 27.
LaTeX Font Info:    Overwriting symbol font `symbols' in version `bold'
(Font)                  OMS/cmsy/b/n --> OMS/lmsy/b/n on input line 28.
LaTeX Font Info:    Overwriting symbol font `largesymbols' in version `bold'
(Font)                  OMX/cmex/m/n --> OMX/lmex/m/n on input line 29.
LaTeX Font Info:    Overwriting math alphabet `\mathbf' in version `normal'
(Font)                  OT1/cmr/bx/n --> OT1/lmr/bx/n on input line 31.
LaTeX Font Info:    Overwriting math alphabet `\mathsf' in version `normal'
(Font)                  OT1/cmss/m/n --> OT1/lmss/m/n on input line 32.
LaTeX Font Info:    Overwriting math alphabet `\mathit' in version `normal'
(Font)                  OT1/cmr/m/it --> OT1/lmr/m/it on input line 33.
LaTeX Font Info:    Overwriting math alphabet `\mathtt' in version `normal'
(Font)                  OT1/cmtt/m/n --> OT1/lmtt/m/n on input line 34.
LaTeX Font Info:    Overwriting math alphabet `\mathbf' in version `bold'
(Font)                  OT1/cmr/bx/n --> OT1/lmr/bx/n on input line 35.
LaTeX Font Info:    Overwriting math alphabet `\mathsf' in version `bold'
(Font)                  OT1/cmss/bx/n --> OT1/lmss/bx/n on input line 36.
LaTeX Font Info:    Overwriting math alphabet `\mathit' in version `bold'
(Font)                  OT1/cmr/bx/it --> OT1/lmr/bx/it on input line 37.
LaTeX Font Info:    Overwriting math alphabet `\mathtt' in version `bold'
(Font)                  OT1/cmtt/m/n --> OT1/lmtt/m/n on input line 38.
) (c:/ProgramData/TinyTeX/texmf-dist/tex/latex/upquote/upquote.sty
Package: upquote 2012/04/19 v1.3 upright-quote and grave-accent glyphs in verbatim
) (c:/ProgramData/TinyTeX/texmf-dist/tex/latex/xcolor/xcolor.sty
Package: xcolor 2023/11/15 v3.01 LaTeX color extensions (UK)
(c:/ProgramData/TinyTeX/texmf-dist/tex/latex/graphics-cfg/color.cfg
File: color.cfg 2016/01/02 v1.6 sample color configuration
)
Package xcolor Info: Driver file: pdftex.def on input line 274.
(c:/ProgramData/TinyTeX/texmf-dist/tex/latex/graphics/mathcolor.ltx)
Package xcolor Info: Model `cmy' substituted by `cmy0' on input line 1350.
Package xcolor Info: Model `hsb' substituted by `rgb' on input line 1354.
Package xcolor Info: Model `RGB' extended on input line 1366.
Package xcolor Info: Model `HTML' substituted by `rgb' on input line 1368.
Package xcolor Info: Model `Hsb' substituted by `hsb' on input line 1369.
Package xcolor Info: Model `tHsb' substituted by `hsb' on input line 1370.
Package xcolor Info: Model `HSB' substituted by `hsb' on input line 1371.
Package xcolor Info: Model `Gray' substituted by `gray' on input line 1372.
Package xcolor Info: Model `wave' substituted by `hsb' on input line 1373.
) (c:/ProgramData/TinyTeX/texmf-dist/tex/latex/fancyvrb/fancyvrb.sty
Package: fancyvrb 2024/01/20 4.5c verbatim text (tvz,hv)
\FV@CodeLineNo=\count289
\FV@InFile=\read2
\FV@TabBox=\box61
\c@FancyVerbLine=\count290
\FV@StepNumber=\count291
\FV@OutFile=\write4
) (c:/ProgramData/TinyTeX/texmf-dist/tex/latex/framed/framed.sty
Package: framed 2011/10/22 v 0.96: framed or shaded text with page breaks
\OuterFrameSep=\skip58
\fb@frw=\dimen158
\fb@frh=\dimen159
\FrameRule=\dimen160
\FrameSep=\dimen161
) (c:/ProgramData/TinyTeX/texmf-dist/tex/latex/booktabs/booktabs.sty
Package: booktabs 2020/01/12 v1.61803398 Publication quality tables
\heavyrulewidth=\dimen162
\lightrulewidth=\dimen163
\cmidrulewidth=\dimen164
\belowrulesep=\dimen165
\belowbottomsep=\dimen166
\aboverulesep=\dimen167
\abovetopsep=\dimen168
\cmidrulesep=\dimen169
\cmidrulekern=\dimen170
\defaultaddspace=\dimen171
\@cmidla=\count292
\@cmidlb=\count293
\@aboverulesep=\dimen172
\@belowrulesep=\dimen173
\@thisruleclass=\count294
\@lastruleclass=\count295
\@thisrulewidth=\dimen174
) (c:/ProgramData/TinyTeX/texmf-dist/tex/latex/tools/longtable.sty
Package: longtable 2024-04-26 v4.20 Multi-page Table package (DPC)
\LTleft=\skip59
\LTright=\skip60
\LTpre=\skip61
\LTpost=\skip62
\LTchunksize=\count296
\LTcapwidth=\dimen175
\LT@head=\box62
\LT@firsthead=\box63
\LT@foot=\box64
\LT@lastfoot=\box65
\LT@gbox=\box66
\LT@cols=\count297
\LT@rows=\count298
\c@LT@tables=\count299
\c@LT@chunks=\count300
\LT@p@ftn=\toks27
) (c:/ProgramData/TinyTeX/texmf-dist/tex/latex/tools/array.sty
Package: array 2024/06/14 v2.6d Tabular extension package (FMi)
\col@sep=\dimen176
\ar@mcellbox=\box67
\extrarowheight=\dimen177
\NC@list=\toks28
\extratabsurround=\skip63
\backup@length=\skip64
\ar@cellbox=\box68
) (c:/ProgramData/TinyTeX/texmf-dist/tex/latex/multirow/multirow.sty
Package: multirow 2021/03/15 v2.8 Span multiple rows of a table
\multirow@colwidth=\skip65
\multirow@cntb=\count301
\multirow@dima=\skip66
\bigstrutjot=\dimen178
) (c:/ProgramData/TinyTeX/texmf-dist/tex/latex/wrapfig/wrapfig.sty
\wrapoverhang=\dimen179
\WF@size=\dimen180
\c@WF@wrappedlines=\count302
\WF@box=\box69
\WF@everypar=\toks29
Package: wrapfig 2003/01/31  v 3.6
) (c:/ProgramData/TinyTeX/texmf-dist/tex/latex/float/float.sty
Package: float 2001/11/08 v1.3d Float enhancements (AL)
\c@float@type=\count303
\float@exts=\toks30
\float@box=\box70
\@float@everytoks=\toks31
\@floatcapt=\box71
) (c:/ProgramData/TinyTeX/texmf-dist/tex/latex/colortbl/colortbl.sty
Package: colortbl 2024/05/26 v1.0h Color table columns (DPC)
\everycr=\toks32
\minrowclearance=\skip67
\rownum=\count304
) (c:/ProgramData/TinyTeX/texmf-dist/tex/latex/pdflscape/pdflscape.sty
Package: pdflscape 2022-10-27 v0.13 Display of landscape pages in PDF
(c:/ProgramData/TinyTeX/texmf-dist/tex/latex/pdflscape/pdflscape-nometadata.sty
Package: pdflscape-nometadata 2022-10-28 v0.13 Display of landscape pages in PDF (HO)
(c:/ProgramData/TinyTeX/texmf-dist/tex/latex/graphics/lscape.sty
Package: lscape 2020/05/28 v3.02 Landscape Pages (DPC)
)
Package pdflscape Info: Auto-detected driver: pdftex on input line 81.
)) (c:/ProgramData/TinyTeX/texmf-dist/tex/latex/tabu/tabu.sty
Package: tabu 2019/01/11 v2.9 - flexible LaTeX tabulars (FC+tabu-fixed)
(c:/ProgramData/TinyTeX/texmf-dist/tex/latex/varwidth/varwidth.sty
Package: varwidth 2009/03/30 ver 0.92;  Variable-width minipages
\@vwid@box=\box72
\sift@deathcycles=\count305
\@vwid@loff=\dimen181
\@vwid@roff=\dimen182
)
\c@taburow=\count306
\tabu@nbcols=\count307
\tabu@cnt=\count308
\tabu@Xcol=\count309
\tabu@alloc=\count310
\tabu@nested=\count311
\tabu@target=\dimen183
\tabu@spreadtarget=\dimen184
\tabu@naturalX=\dimen185
\tabucolX=\dimen186
\tabu@Xsum=\dimen187
\extrarowdepth=\dimen188
\abovetabulinesep=\dimen189
\belowtabulinesep=\dimen190
\tabustrutrule=\dimen191
\tabu@thebody=\toks33
\tabu@footnotes=\toks34
\tabu@box=\box73
\tabu@arstrutbox=\box74
\tabu@hleads=\box75
\tabu@vleads=\box76
\tabu@cellskip=\skip68
) (c:/ProgramData/TinyTeX/texmf-dist/tex/latex/threeparttable/threeparttable.sty
Package: threeparttable 2003/06/13  v 3.0
\@tempboxb=\box77
) (c:/ProgramData/TinyTeX/texmf-dist/tex/latex/threeparttablex/threeparttablex.sty
Package: threeparttablex 2013/07/23 v0.3 by daleif
(c:/ProgramData/TinyTeX/texmf-dist/tex/latex/environ/environ.sty
Package: environ 2014/05/04 v0.3 A new way to define environments
(c:/ProgramData/TinyTeX/texmf-dist/tex/latex/trimspaces/trimspaces.sty
Package: trimspaces 2009/09/17 v1.1 Trim spaces around a token list
))
\TPTL@width=\skip69
) (c:/ProgramData/TinyTeX/texmf-dist/tex/generic/ulem/ulem.sty
\UL@box=\box78
\UL@hyphenbox=\box79
\UL@skip=\skip70
\UL@hook=\toks35
\UL@height=\dimen192
\UL@pe=\count312
\UL@pixel=\dimen193
\ULC@box=\box80
Package: ulem 2019/11/18
\ULdepth=\dimen194
) (c:/ProgramData/TinyTeX/texmf-dist/tex/latex/makecell/makecell.sty
Package: makecell 2009/08/03 V0.1e Managing of Tab Column Heads and Cells
\rotheadsize=\dimen195
\c@nlinenum=\count313
\TeXr@lab=\toks36
) (c:/ProgramData/TinyTeX/texmf-dist/tex/latex/bookmark/bookmark.sty
Package: bookmark 2023-12-10 v1.31 PDF bookmarks (HO)
(c:/ProgramData/TinyTeX/texmf-dist/tex/latex/hyperref/hyperref.sty
Package: hyperref 2024-05-23 v7.01i Hypertext links for LaTeX
(c:/ProgramData/TinyTeX/texmf-dist/tex/latex/kvsetkeys/kvsetkeys.sty
Package: kvsetkeys 2022-10-05 v1.19 Key value parser (HO)
) (c:/ProgramData/TinyTeX/texmf-dist/tex/generic/kvdefinekeys/kvdefinekeys.sty
Package: kvdefinekeys 2019-12-19 v1.6 Define keys (HO)
) (c:/ProgramData/TinyTeX/texmf-dist/tex/generic/pdfescape/pdfescape.sty
Package: pdfescape 2019/12/09 v1.15 Implements pdfTeX's escape features (HO)
(c:/ProgramData/TinyTeX/texmf-dist/tex/generic/ltxcmds/ltxcmds.sty
Package: ltxcmds 2023-12-04 v1.26 LaTeX kernel commands for general use (HO)
) (c:/ProgramData/TinyTeX/texmf-dist/tex/generic/pdftexcmds/pdftexcmds.sty
Package: pdftexcmds 2020-06-27 v0.33 Utility functions of pdfTeX for LuaTeX (HO)
(c:/ProgramData/TinyTeX/texmf-dist/tex/generic/infwarerr/infwarerr.sty
Package: infwarerr 2019/12/03 v1.5 Providing info/warning/error messages (HO)
)
Package pdftexcmds Info: \pdf@primitive is available.
Package pdftexcmds Info: \pdf@ifprimitive is available.
Package pdftexcmds Info: \pdfdraftmode found.
)) (c:/ProgramData/TinyTeX/texmf-dist/tex/latex/hycolor/hycolor.sty
Package: hycolor 2020-01-27 v1.10 Color options for hyperref/bookmark (HO)
) (c:/ProgramData/TinyTeX/texmf-dist/tex/latex/hyperref/nameref.sty
Package: nameref 2023-11-26 v2.56 Cross-referencing by name of section
(c:/ProgramData/TinyTeX/texmf-dist/tex/latex/refcount/refcount.sty
Package: refcount 2019/12/15 v3.6 Data extraction from label references (HO)
) (c:/ProgramData/TinyTeX/texmf-dist/tex/generic/gettitlestring/gettitlestring.sty
Package: gettitlestring 2019/12/15 v1.6 Cleanup title references (HO)
(c:/ProgramData/TinyTeX/texmf-dist/tex/latex/kvoptions/kvoptions.sty
Package: kvoptions 2022-06-15 v3.15 Key value format for package options (HO)
))
\c@section@level=\count314
) (c:/ProgramData/TinyTeX/texmf-dist/tex/generic/stringenc/stringenc.sty
Package: stringenc 2019/11/29 v1.12 Convert strings between diff. encodings (HO)
)
\@linkdim=\dimen196
\Hy@linkcounter=\count315
\Hy@pagecounter=\count316
(c:/ProgramData/TinyTeX/texmf-dist/tex/latex/hyperref/pd1enc.def
File: pd1enc.def 2024-05-23 v7.01i Hyperref: PDFDocEncoding definition (HO)
Now handling font encoding PD1 ...
... no UTF-8 mapping file for font encoding PD1
) (c:/ProgramData/TinyTeX/texmf-dist/tex/generic/intcalc/intcalc.sty
Package: intcalc 2019/12/15 v1.3 Expandable calculations with integers (HO)
)
\Hy@SavedSpaceFactor=\count317
(c:/ProgramData/TinyTeX/texmf-dist/tex/latex/hyperref/puenc.def
File: puenc.def 2024-05-23 v7.01i Hyperref: PDF Unicode definition (HO)
Now handling font encoding PU ...
... no UTF-8 mapping file for font encoding PU
)
Package hyperref Info: Option `unicode' set `true' on input line 4040.
Package hyperref Info: Hyper figures OFF on input line 4157.
Package hyperref Info: Link nesting OFF on input line 4162.
Package hyperref Info: Hyper index ON on input line 4165.
Package hyperref Info: Plain pages OFF on input line 4172.
Package hyperref Info: Backreferencing OFF on input line 4177.
Package hyperref Info: Implicit mode ON; LaTeX internals redefined.
Package hyperref Info: Bookmarks ON on input line 4424.
\c@Hy@tempcnt=\count318
(c:/ProgramData/TinyTeX/texmf-dist/tex/latex/url/url.sty
\Urlmuskip=\muskip18
Package: url 2013/09/16  ver 3.4  Verb mode for urls, etc.
)
LaTeX Info: Redefining \url on input line 4763.
\XeTeXLinkMargin=\dimen197
(c:/ProgramData/TinyTeX/texmf-dist/tex/generic/bitset/bitset.sty
Package: bitset 2019/12/09 v1.3 Handle bit-vector datatype (HO)
(c:/ProgramData/TinyTeX/texmf-dist/tex/generic/bigintcalc/bigintcalc.sty
Package: bigintcalc 2019/12/15 v1.5 Expandable calculations on big integers (HO)
))
\Fld@menulength=\count319
\Field@Width=\dimen198
\Fld@charsize=\dimen199
Package hyperref Info: Hyper figures OFF on input line 6042.
Package hyperref Info: Link nesting OFF on input line 6047.
Package hyperref Info: Hyper index ON on input line 6050.
Package hyperref Info: backreferencing OFF on input line 6057.
Package hyperref Info: Link coloring OFF on input line 6062.
Package hyperref Info: Link coloring with OCG OFF on input line 6067.
Package hyperref Info: PDF/A mode OFF on input line 6072.
(c:/ProgramData/TinyTeX/texmf-dist/tex/latex/base/atbegshi-ltx.sty
Package: atbegshi-ltx 2021/01/10 v1.0c Emulation of the original atbegshi
package with kernel methods
)
\Hy@abspage=\count320
\c@Item=\count321
\c@Hfootnote=\count322
)
Package hyperref Info: Driver (autodetected): hpdftex.
(c:/ProgramData/TinyTeX/texmf-dist/tex/latex/hyperref/hpdftex.def
File: hpdftex.def 2024-05-23 v7.01i Hyperref driver for pdfTeX
(c:/ProgramData/TinyTeX/texmf-dist/tex/latex/base/atveryend-ltx.sty
Package: atveryend-ltx 2020/08/19 v1.0a Emulation of the original atveryend package
with kernel methods
)
\Fld@listcount=\count323
\c@bookmark@seq@number=\count324
(c:/ProgramData/TinyTeX/texmf-dist/tex/latex/rerunfilecheck/rerunfilecheck.sty
Package: rerunfilecheck 2022-07-10 v1.10 Rerun checks for auxiliary files (HO)
(c:/ProgramData/TinyTeX/texmf-dist/tex/generic/uniquecounter/uniquecounter.sty
Package: uniquecounter 2019/12/15 v1.4 Provide unlimited unique counter (HO)
)
Package uniquecounter Info: New unique counter `rerunfilecheck' on input line 285.
)
\Hy@SectionHShift=\skip71
) (c:/ProgramData/TinyTeX/texmf-dist/tex/latex/bookmark/bkm-pdftex.def
File: bkm-pdftex.def 2023-12-10 v1.31 bookmark driver for pdfTeX and luaTeX (HO)
\BKM@id=\count325
))
LaTeX Font Info:    Trying to load font information for T1+lmr on input line 127.
(c:/ProgramData/TinyTeX/texmf-dist/tex/latex/lm/t1lmr.fd
File: t1lmr.fd 2015/05/01 v1.6.1 Font defs for Latin Modern
) (./README.aux

LaTeX Warning: Label `Figure2' multiply defined.


LaTeX Warning: Label `Figure3' multiply defined.

)
\openout1 = `README.aux'.

LaTeX Font Info:    Checking defaults for OML/cmm/m/it on input line 127.
LaTeX Font Info:    ... okay on input line 127.
LaTeX Font Info:    Checking defaults for OMS/cmsy/m/n on input line 127.
LaTeX Font Info:    ... okay on input line 127.
LaTeX Font Info:    Checking defaults for OT1/cmr/m/n on input line 127.
LaTeX Font Info:    ... okay on input line 127.
LaTeX Font Info:    Checking defaults for T1/cmr/m/n on input line 127.
LaTeX Font Info:    ... okay on input line 127.
LaTeX Font Info:    Checking defaults for TS1/cmr/m/n on input line 127.
LaTeX Font Info:    ... okay on input line 127.
LaTeX Font Info:    Checking defaults for OMX/cmex/m/n on input line 127.
LaTeX Font Info:    ... okay on input line 127.
LaTeX Font Info:    Checking defaults for U/cmr/m/n on input line 127.
LaTeX Font Info:    ... okay on input line 127.
LaTeX Font Info:    Checking defaults for PD1/pdf/m/n on input line 127.
LaTeX Font Info:    ... okay on input line 127.
LaTeX Font Info:    Checking defaults for PU/pdf/m/n on input line 127.
LaTeX Font Info:    ... okay on input line 127.
(c:/ProgramData/TinyTeX/texmf-dist/tex/latex/epstopdf-pkg/epstopdf-base.sty
Package: epstopdf-base 2020-01-24 v2.11 Base part for package epstopdf
Package epstopdf-base Info: Redefining graphics rule for `.eps' on input line 485.
(c:/ProgramData/TinyTeX/texmf-dist/tex/latex/latexconfig/epstopdf-sys.cfg
File: epstopdf-sys.cfg 2010/07/13 v1.3 Configuration of (r)epstopdf for TeX Live
))
Package hyperref Info: Link coloring OFF on input line 127.
LaTeX Font Info:    Trying to load font information for OT1+lmr on input line 129.
(c:/ProgramData/TinyTeX/texmf-dist/tex/latex/lm/ot1lmr.fd
File: ot1lmr.fd 2015/05/01 v1.6.1 Font defs for Latin Modern
)
LaTeX Font Info:    Trying to load font information for OML+lmm on input line 129.
(c:/ProgramData/TinyTeX/texmf-dist/tex/latex/lm/omllmm.fd
File: omllmm.fd 2015/05/01 v1.6.1 Font defs for Latin Modern
)
LaTeX Font Info:    Trying to load font information for OMS+lmsy on input line 129.
(c:/ProgramData/TinyTeX/texmf-dist/tex/latex/lm/omslmsy.fd
File: omslmsy.fd 2015/05/01 v1.6.1 Font defs for Latin Modern
)
LaTeX Font Info:    Trying to load font information for OMX+lmex on input line 129.
(c:/ProgramData/TinyTeX/texmf-dist/tex/latex/lm/omxlmex.fd
File: omxlmex.fd 2015/05/01 v1.6.1 Font defs for Latin Modern
)
LaTeX Font Info:    External font `lmex10' loaded for size
(Font)              <12> on input line 129.
LaTeX Font Info:    External font `lmex10' loaded for size
(Font)              <8> on input line 129.
LaTeX Font Info:    External font `lmex10' loaded for size
(Font)              <6> on input line 129.
LaTeX Font Info:    Trying to load font information for U+msa on input line 129.
(c:/ProgramData/TinyTeX/texmf-dist/tex/latex/amsfonts/umsa.fd
File: umsa.fd 2013/01/14 v3.01 AMS symbols A
)
LaTeX Font Info:    Trying to load font information for U+msb on input line 129.
(c:/ProgramData/TinyTeX/texmf-dist/tex/latex/amsfonts/umsb.fd
File: umsb.fd 2013/01/14 v3.01 AMS symbols B
)
LaTeX Font Info:    Trying to load font information for T1+lmtt on input line 140.
(c:/ProgramData/TinyTeX/texmf-dist/tex/latex/lm/t1lmtt.fd
File: t1lmtt.fd 2015/05/01 v1.6.1 Font defs for Latin Modern
)
LaTeX Font Info:    Font shape `T1/lmtt/bx/n' in size <12> not available
(Font)              Font shape `T1/lmtt/b/n' tried instead on input line 141.
LaTeX Font Info:    Trying to load font information for TS1+lmr on input line 180.
(c:/ProgramData/TinyTeX/texmf-dist/tex/latex/lm/ts1lmr.fd
File: ts1lmr.fd 2015/05/01 v1.6.1 Font defs for Latin Modern
)

[1


{c:/ProgramData/TinyTeX/texmf-var/fonts/map/pdftex/updmap/pdftex.map}{c:/ProgramData/TinyTeX/texmf-dist/fonts/enc/dvips/lm/lm-ec.enc}]
<README_files/figure-latex/unnamed-chunk-1-1.png, id=19, 505.89pt x 361.35pt>
File: README_files/figure-latex/unnamed-chunk-1-1.png Graphic file (type png)
<use README_files/figure-latex/unnamed-chunk-1-1.png>
Package pdftex.def Info: README_files/figure-latex/unnamed-chunk-1-1.png  used on input line 203.
(pdftex.def)             Requested size: 390.00737pt x 278.57669pt.


[2{c:/ProgramData/TinyTeX/texmf-dist/fonts/enc/dvips/lm/lm-ts1.enc}]

[3 <./README_files/figure-latex/unnamed-chunk-1-1.png>]
<README_files/figure-latex/unnamed-chunk-2-1.png, id=42, 505.89pt x 361.35pt>
File: README_files/figure-latex/unnamed-chunk-2-1.png Graphic file (type png)
<use README_files/figure-latex/unnamed-chunk-2-1.png>
Package pdftex.def Info: README_files/figure-latex/unnamed-chunk-2-1.png  used on input line 266.
(pdftex.def)             Requested size: 390.00737pt x 278.57669pt.
<README_files/figure-latex/unnamed-chunk-2-2.png, id=43, 505.89pt x 361.35pt>
File: README_files/figure-latex/unnamed-chunk-2-2.png Graphic file (type png)
<use README_files/figure-latex/unnamed-chunk-2-2.png>
Package pdftex.def Info: README_files/figure-latex/unnamed-chunk-2-2.png  used on input line 274.
(pdftex.def)             Requested size: 390.00737pt x 278.57669pt.


[4]

[5 <./README_files/figure-latex/unnamed-chunk-2-1.png>]

[6 <./README_files/figure-latex/unnamed-chunk-2-2.png>]
<README_files/figure-latex/unnamed-chunk-3-1.png, id=68, 505.89pt x 361.35pt>
File: README_files/figure-latex/unnamed-chunk-3-1.png Graphic file (type png)
<use README_files/figure-latex/unnamed-chunk-3-1.png>
Package pdftex.def Info: README_files/figure-latex/unnamed-chunk-3-1.png  used on input line 322.
(pdftex.def)             Requested size: 390.00737pt x 278.57669pt.
<README_files/figure-latex/unnamed-chunk-3-2.png, id=69, 505.89pt x 361.35pt>
File: README_files/figure-latex/unnamed-chunk-3-2.png Graphic file (type png)
<use README_files/figure-latex/unnamed-chunk-3-2.png>
Package pdftex.def Info: README_files/figure-latex/unnamed-chunk-3-2.png  used on input line 330.
(pdftex.def)             Requested size: 390.00737pt x 278.57669pt.


[7 <./README_files/figure-latex/unnamed-chunk-3-1.png>]

[8 <./README_files/figure-latex/unnamed-chunk-3-2.png>]
<README_files/figure-latex/unnamed-chunk-4-1.png, id=91, 505.89pt x 361.35pt>
File: README_files/figure-latex/unnamed-chunk-4-1.png Graphic file (type png)
<use README_files/figure-latex/unnamed-chunk-4-1.png>
Package pdftex.def Info: README_files/figure-latex/unnamed-chunk-4-1.png  used on input line 377.
(pdftex.def)             Requested size: 390.00737pt x 278.57669pt.


[9]

[10 <./README_files/figure-latex/unnamed-chunk-4-1.png>]
<README_files/figure-latex/unnamed-chunk-5-1.png, id=110, 505.89pt x 361.35pt>
File: README_files/figure-latex/unnamed-chunk-5-1.png Graphic file (type png)
<use README_files/figure-latex/unnamed-chunk-5-1.png>
Package pdftex.def Info: README_files/figure-latex/unnamed-chunk-5-1.png  used on input line 428.
(pdftex.def)             Requested size: 390.00737pt x 278.57669pt.
<README_files/figure-latex/unnamed-chunk-6-1.png, id=111, 505.89pt x 361.35pt>
File: README_files/figure-latex/unnamed-chunk-6-1.png Graphic file (type png)
<use README_files/figure-latex/unnamed-chunk-6-1.png>
Package pdftex.def Info: README_files/figure-latex/unnamed-chunk-6-1.png  used on input line 465.
(pdftex.def)             Requested size: 390.00737pt x 278.57669pt.


[11]

[12 <./README_files/figure-latex/unnamed-chunk-5-1.png>]
<README_files/figure-latex/unnamed-chunk-7-1.png, id=128, 505.89pt x 361.35pt>
File: README_files/figure-latex/unnamed-chunk-7-1.png Graphic file (type png)
<use README_files/figure-latex/unnamed-chunk-7-1.png>
Package pdftex.def Info: README_files/figure-latex/unnamed-chunk-7-1.png  used on input line 482.
(pdftex.def)             Requested size: 390.00737pt x 278.57669pt.


[13 <./README_files/figure-latex/unnamed-chunk-6-1.png>]

[14 <./README_files/figure-latex/unnamed-chunk-7-1.png>]

[15] (./README.aux)
 ***********
LaTeX2e <2024-06-01> patch level 1
L3 programming layer <2024-05-27>
 ***********

LaTeX Warning: There were multiply-defined labels.

 ) 
Here is how much of TeX's memory you used:
 13816 strings out of 475559
 216829 string characters out of 5777725
 1941908 words of memory out of 5000000
 36144 multiletter control sequences out of 15000+600000
 599491 words of font info for 66 fonts, out of 8000000 for 9000
 14 hyphenation exceptions out of 8191
 89i,7n,93p,1346b,546s stack positions out of 10000i,1000n,20000p,200000b,200000s
<c:/ProgramData/TinyTeX/texmf-dist/fonts/type1/public/lm/lmbx12.pfb><c:/ProgramData/TinyTeX/texmf-dist/fonts/type1/public/lm/lmr10.pfb><c:/ProgramData/TinyTeX/texmf-dist/fonts/type1/public/lm/lmr12.pfb><c:/ProgramData/TinyTeX/texmf-dist/fonts/type1/public/lm/lmr17.pfb><c:/ProgramData/TinyTeX/texmf-dist/fonts/type1/public/lm/lmri10.pfb><c:/ProgramData/TinyTeX/texmf-dist/fonts/type1/public/lm/lmri12.pfb><c:/ProgramData/TinyTeX/texmf-dist/fonts/type1/public/lm/lmtk10.pfb><c:/ProgramData/TinyTeX/texmf-dist/fonts/type1/public/lm/lmtt12.pfb>
Output written on README.pdf (15 pages, 269546 bytes).
PDF statistics:
 228 PDF objects out of 1000 (max. 8388607)
 174 compressed objects within 2 object streams
 40 named destinations out of 1000 (max. 500000)
 102 words of extra memory for PDF output out of 10000 (max. 10000000)

